[debug] [2023-08-30T08:08:44.641Z] ----------------------------------------------------------------------
[debug] [2023-08-30T08:08:44.642Z] Command:       /Users/jiwon/Dev/emsdk/node/14.18.2_64bit/bin/node /Users/jiwon/Dev/emsdk/node/14.18.2_64bit/bin/firebase projects:list
[debug] [2023-08-30T08:08:44.642Z] CLI Version:   11.14.4
[debug] [2023-08-30T08:08:44.642Z] Platform:      darwin
[debug] [2023-08-30T08:08:44.643Z] Node Version:  v14.18.2
[debug] [2023-08-30T08:08:44.643Z] Time:          Wed Aug 30 2023 17:08:44 GMT+0900 (대한민국 표준시)
[debug] [2023-08-30T08:08:44.643Z] ----------------------------------------------------------------------
[debug] 
[debug] [2023-08-30T08:08:44.648Z] >>> [apiv2][query] GET https://firebase-public.firebaseio.com/cli.json [none]
[debug] [2023-08-30T08:08:44.712Z] > command requires scopes: ["email","openid","https://www.googleapis.com/auth/cloudplatformprojects.readonly","https://www.googleapis.com/auth/firebase","https://www.googleapis.com/auth/cloud-platform"]
[debug] [2023-08-30T08:08:44.712Z] > authorizing via signed-in user (rkd8923@gmail.com)
[debug] [2023-08-30T08:08:44.715Z] > refreshing access token with scopes: []
[debug] [2023-08-30T08:08:44.715Z] >>> [apiv2][query] POST https://www.googleapis.com/oauth2/v3/token [none]
[debug] [2023-08-30T08:08:44.715Z] >>> [apiv2][body] POST https://www.googleapis.com/oauth2/v3/token [omitted]
[debug] [2023-08-30T08:08:44.976Z] <<< [apiv2][status] POST https://www.googleapis.com/oauth2/v3/token 400
[debug] [2023-08-30T08:08:44.977Z] <<< [apiv2][body] POST https://www.googleapis.com/oauth2/v3/token [omitted]
[debug] [2023-08-30T08:08:44.978Z] >>> [apiv2][query] GET https://firebase.googleapis.com/v1beta1/projects pageSize=1000
[debug] [2023-08-30T08:08:45.106Z] <<< [apiv2][status] GET https://firebase-public.firebaseio.com/cli.json 200
[debug] [2023-08-30T08:08:45.107Z] <<< [apiv2][body] GET https://firebase-public.firebaseio.com/cli.json {"cloudBuildErrorAfter":1594252800000,"cloudBuildWarnAfter":1590019200000,"defaultNode10After":1594252800000,"minVersion":"3.0.5","node8DeploysDisabledAfter":1613390400000,"node8RuntimeDisabledAfter":1615809600000,"node8WarnAfter":1600128000000}
[debug] [2023-08-30T08:08:45.280Z] <<< [apiv2][status] GET https://firebase.googleapis.com/v1beta1/projects 401
[debug] [2023-08-30T08:08:45.280Z] <<< [apiv2][body] GET https://firebase.googleapis.com/v1beta1/projects [omitted]
[debug] [2023-08-30T08:08:45.283Z] HTTP Error: 401, Request had invalid authentication credentials. Expected OAuth 2 access token, login cookie or other valid authentication credential. See https://developers.google.com/identity/sign-in/web/devconsole-project.
[debug] [2023-08-30T08:08:45.483Z] FirebaseError: HTTP Error: 401, Request had invalid authentication credentials. Expected OAuth 2 access token, login cookie or other valid authentication credential. See https://developers.google.com/identity/sign-in/web/devconsole-project.
    at responseToError (/Users/jiwon/Dev/emsdk/node/14.18.2_64bit/lib/node_modules/firebase-tools/lib/responseToError.js:49:12)
    at RetryOperation._fn (/Users/jiwon/Dev/emsdk/node/14.18.2_64bit/lib/node_modules/firebase-tools/lib/apiv2.js:288:77)
    at processTicksAndRejections (internal/process/task_queues.js:95:5)
[error] 
[error] Error: Failed to list Firebase projects. See firebase-debug.log for more info.
